<?xml version="1.0" encoding="UTF-8"?>
<?xml-stylesheet type="text/xsl" href="ivy-report.xsl"?>
<ivy-report version="1.0">
	<info
		organisation="ca.chrisdinn"
		module="brando_2.10"
		revision="0.4.0-SNAPSHOT"
		conf="test-internal"
		confs="compile, runtime, test, provided, optional, compile-internal, runtime-internal, test-internal, plugin, sources, docs, pom"
		date="20130311225349"/>
	<dependencies>
		<module organisation="com.typesafe.akka" name="akka-testkit_2.10">
			<revision name="2.1.1" status="release" pubdate="20130225144648" resolver="public" artresolver="public" homepage="http://akka.io" downloaded="false" searched="false" default="false" conf="default(compile), default, compile, runtime, master" position="6">
				<license name="Apache 2" url="http://www.apache.org/licenses/LICENSE-2.0.txt"/>
				<metadata-artifact status="no" details="" size="2877" time="0" location="/Users/cdinn/.ivy2/cache/com.typesafe.akka/akka-testkit_2.10/ivy-2.1.1.xml" searched="false" origin-is-local="false" origin-location="http://repo1.maven.org/maven2/com/typesafe/akka/akka-testkit_2.10/2.1.1/akka-testkit_2.10-2.1.1.pom"/>
				<caller organisation="ca.chrisdinn" name="brando_2.10" conf="test-internal, test, optional, compile, provided, runtime" rev="2.1.1" rev-constraint-default="2.1.1" rev-constraint-dynamic="2.1.1" callerrev="0.4.0-SNAPSHOT"/>
				<artifacts>
					<artifact name="akka-testkit_2.10" type="bundle" ext="jar" status="no" details="" size="235631" time="0" location="/Users/cdinn/.ivy2/cache/com.typesafe.akka/akka-testkit_2.10/bundles/akka-testkit_2.10-2.1.1.jar">
						<origin-location is-local="false" location="http://repo1.maven.org/maven2/com/typesafe/akka/akka-testkit_2.10/2.1.1/akka-testkit_2.10-2.1.1.jar"/>
					</artifact>
				</artifacts>
			</revision>
		</module>
		<module organisation="org.scalatest" name="scalatest_2.10">
			<revision name="1.9.1" status="release" pubdate="20121222135935" resolver="public" artresolver="public" homepage="http://www.scalatest.org" downloaded="false" searched="false" default="false" conf="default(compile), default, compile, runtime, master" position="3">
				<license name="the Apache License, ASL Version 2.0" url="http://www.apache.org/licenses/LICENSE-2.0"/>
				<metadata-artifact status="no" details="" size="4873" time="0" location="/Users/cdinn/.ivy2/cache/org.scalatest/scalatest_2.10/ivy-1.9.1.xml" searched="false" origin-is-local="false" origin-location="http://repo1.maven.org/maven2/org/scalatest/scalatest_2.10/1.9.1/scalatest_2.10-1.9.1.pom"/>
				<caller organisation="ca.chrisdinn" name="brando_2.10" conf="test-internal, test, optional, compile, provided, runtime" rev="1.9.1" rev-constraint-default="1.9.1" rev-constraint-dynamic="1.9.1" callerrev="0.4.0-SNAPSHOT"/>
				<artifacts>
					<artifact name="scalatest_2.10" type="jar" ext="jar" status="no" details="" size="3114958" time="0" location="/Users/cdinn/.ivy2/cache/org.scalatest/scalatest_2.10/jars/scalatest_2.10-1.9.1.jar">
						<origin-location is-local="false" location="http://repo1.maven.org/maven2/org/scalatest/scalatest_2.10/1.9.1/scalatest_2.10-1.9.1.jar"/>
					</artifact>
				</artifacts>
			</revision>
		</module>
		<module organisation="org.scala-lang" name="scala-reflect">
			<revision name="2.10.0" status="release" pubdate="20121220022932" resolver="sbt-chain" artresolver="sbt-chain" homepage="http://www.scala-lang.org/" downloaded="false" searched="false" default="false" conf="compile, master(*), runtime, compile(*), runtime(*), master" position="5">
				<license name="BSD-like" url="http://www.scala-lang.org/downloads/license.html    "/>
				<metadata-artifact status="no" details="" size="2552" time="0" location="/Users/cdinn/.ivy2/cache/org.scala-lang/scala-reflect/ivy-2.10.0.xml" searched="false" origin-is-local="false" origin-location="http://repo1.maven.org/maven2/org/scala-lang/scala-reflect/2.10.0/scala-reflect-2.10.0.pom"/>
				<caller organisation="org.scalatest" name="scalatest_2.10" conf="default, compile, runtime, master" rev="2.10.0" rev-constraint-default="2.10.0" rev-constraint-dynamic="2.10.0" callerrev="1.9.1"/>
				<artifacts>
					<artifact name="scala-reflect" type="jar" ext="jar" status="no" details="" size="3149351" time="0" location="/Users/cdinn/.ivy2/cache/org.scala-lang/scala-reflect/jars/scala-reflect-2.10.0.jar">
						<origin-location is-local="false" location="http://repo1.maven.org/maven2/org/scala-lang/scala-reflect/2.10.0/scala-reflect-2.10.0.jar"/>
					</artifact>
				</artifacts>
			</revision>
		</module>
		<module organisation="org.scala-lang" name="scala-actors">
			<revision name="2.10.0" status="release" pubdate="20121220023006" resolver="public" artresolver="public" homepage="http://www.scala-lang.org/" downloaded="false" searched="false" default="false" conf="compile, master(*), runtime, compile(*), runtime(*), master" position="4">
				<license name="BSD-like" url="http://www.scala-lang.org/downloads/license.html          "/>
				<metadata-artifact status="no" details="" size="2548" time="0" location="/Users/cdinn/.ivy2/cache/org.scala-lang/scala-actors/ivy-2.10.0.xml" searched="false" origin-is-local="false" origin-location="http://repo1.maven.org/maven2/org/scala-lang/scala-actors/2.10.0/scala-actors-2.10.0.pom"/>
				<caller organisation="org.scalatest" name="scalatest_2.10" conf="default, compile, runtime, master" rev="2.10.0" rev-constraint-default="2.10.0" rev-constraint-dynamic="2.10.0" callerrev="1.9.1"/>
				<artifacts>
					<artifact name="scala-actors" type="jar" ext="jar" status="no" details="" size="451307" time="0" location="/Users/cdinn/.ivy2/cache/org.scala-lang/scala-actors/jars/scala-actors-2.10.0.jar">
						<origin-location is-local="false" location="http://repo1.maven.org/maven2/org/scala-lang/scala-actors/2.10.0/scala-actors-2.10.0.jar"/>
					</artifact>
				</artifacts>
			</revision>
		</module>
		<module organisation="com.typesafe.akka" name="akka-actor_2.10">
			<revision name="2.2-M1" status="release" pubdate="20130215104302" resolver="public" artresolver="public" homepage="http://akka.io" downloaded="true" searched="true" default="false" conf="default(compile), default, compile, runtime, master, master(*), compile(*), runtime(*)" position="1">
				<license name="Apache 2" url="http://www.apache.org/licenses/LICENSE-2.0.txt"/>
				<metadata-artifact status="successful" details="" size="1909" time="113" location="/Users/cdinn/.ivy2/cache/com.typesafe.akka/akka-actor_2.10/ivy-2.2-M1.xml" searched="true" original-local-location="/Users/cdinn/.ivy2/cache/com.typesafe.akka/akka-actor_2.10/ivy-2.2-M1.xml.original" origin-is-local="false" origin-location="http://repo1.maven.org/maven2/com/typesafe/akka/akka-actor_2.10/2.2-M1/akka-actor_2.10-2.2-M1.pom"/>
				<caller organisation="com.typesafe.akka" name="akka-testkit_2.10" conf="default, compile, runtime, master" rev="2.1.1" rev-constraint-default="2.1.1" rev-constraint-dynamic="2.1.1" callerrev="2.1.1"/>
				<caller organisation="ca.chrisdinn" name="brando_2.10" conf="test-internal, test, optional, compile, provided, runtime" rev="2.2-M1" rev-constraint-default="2.2-M1" rev-constraint-dynamic="2.2-M1" callerrev="0.4.0-SNAPSHOT"/>
				<artifacts>
					<artifact name="akka-actor_2.10" type="jar" ext="jar" status="successful" details="" size="2296414" time="944" location="/Users/cdinn/.ivy2/cache/com.typesafe.akka/akka-actor_2.10/jars/akka-actor_2.10-2.2-M1.jar">
						<origin-location is-local="false" location="http://repo1.maven.org/maven2/com/typesafe/akka/akka-actor_2.10/2.2-M1/akka-actor_2.10-2.2-M1.jar"/>
					</artifact>
				</artifacts>
			</revision>
			<revision name="2.1.1" evicted="latest-revision" evicted-reason="" downloaded="false" searched="false" conf="compile, master(*), runtime, compile(*), runtime(*), master" position="-1">
				<evicted-by rev="2.2-M1"/>
				<caller organisation="com.typesafe.akka" name="akka-testkit_2.10" conf="default, compile, runtime, master" rev="2.1.1" rev-constraint-default="2.1.1" rev-constraint-dynamic="2.1.1" callerrev="2.1.1"/>
				<artifacts>
				</artifacts>
			</revision>
		</module>
		<module organisation="com.typesafe" name="config">
			<revision name="1.0.0" status="release" pubdate="20130225114824" resolver="Typesafe Repository" artresolver="Typesafe Repository" homepage="https://github.com/typesafehub/config" downloaded="false" searched="false" default="false" conf="compile, master(*), runtime, compile(*), runtime(*), master" position="2">
				<license name="Apache License, Version 2.0" url="http://www.apache.org/licenses/LICENSE-2.0"/>
				<metadata-artifact status="no" details="" size="2725" time="0" location="/Users/cdinn/.ivy2/cache/com.typesafe/config/ivy-1.0.0.xml" searched="false" origin-is-local="false" origin-location="http://repo.typesafe.com/typesafe/releases/com/typesafe/config/1.0.0/config-1.0.0.pom"/>
				<caller organisation="com.typesafe.akka" name="akka-actor_2.10" conf="default, compile, runtime, master" rev="1.0.0" rev-constraint-default="1.0.0" rev-constraint-dynamic="1.0.0" callerrev="2.2-M1"/>
				<artifacts>
					<artifact name="config" type="bundle" ext="jar" status="no" details="" size="185676" time="0" location="/Users/cdinn/.ivy2/cache/com.typesafe/config/bundles/config-1.0.0.jar">
						<origin-location is-local="false" location="http://repo.typesafe.com/typesafe/releases/com/typesafe/config/1.0.0/config-1.0.0.jar"/>
					</artifact>
				</artifacts>
			</revision>
		</module>
		<module organisation="org.scala-lang" name="scala-library">
			<revision name="2.10.0" status="release" pubdate="20121220022916" resolver="sbt-chain" artresolver="sbt-chain" homepage="http://www.scala-lang.org/" downloaded="false" searched="false" default="false" conf="default(compile), default, compile, master(*), compile(*), runtime, runtime(*), master" position="0">
				<license name="BSD-like" url="http://www.scala-lang.org/downloads/license.html          "/>
				<metadata-artifact status="no" details="" size="2392" time="0" location="/Users/cdinn/.ivy2/cache/org.scala-lang/scala-library/ivy-2.10.0.xml" searched="false" origin-is-local="false" origin-location="http://repo1.maven.org/maven2/org/scala-lang/scala-library/2.10.0/scala-library-2.10.0.pom"/>
				<caller organisation="com.typesafe.akka" name="akka-testkit_2.10" conf="default, compile, runtime, master" rev="2.10.0" rev-constraint-default="2.10.0" rev-constraint-dynamic="2.10.0" callerrev="2.1.1"/>
				<caller organisation="org.scala-lang" name="scala-actors" conf="compile, runtime" rev="2.10.0" rev-constraint-default="2.10.0" rev-constraint-dynamic="2.10.0" callerrev="2.10.0"/>
				<caller organisation="org.scala-lang" name="scala-reflect" conf="compile, runtime" rev="2.10.0" rev-constraint-default="2.10.0" rev-constraint-dynamic="2.10.0" callerrev="2.10.0"/>
				<caller organisation="ca.chrisdinn" name="brando_2.10" conf="test-internal, test, optional, compile, provided, runtime" rev="2.10.0" rev-constraint-default="2.10.0" rev-constraint-dynamic="2.10.0" callerrev="0.4.0-SNAPSHOT"/>
				<caller organisation="org.scalatest" name="scalatest_2.10" conf="default, compile, runtime, master" rev="2.10.0" rev-constraint-default="2.10.0" rev-constraint-dynamic="2.10.0" callerrev="1.9.1"/>
				<caller organisation="com.typesafe.akka" name="akka-actor_2.10" conf="default, compile, runtime, master" rev="2.10.0" rev-constraint-default="2.10.0" rev-constraint-dynamic="2.10.0" callerrev="2.2-M1"/>
				<artifacts>
				</artifacts>
			</revision>
		</module>
	</dependencies>
</ivy-report>
